2025-02-21 13:51:12,393 - INFO - Iniciando pipeline de dados dos Pokémon
2025-02-21 13:51:12,394 - INFO - Iniciando extração de dados da PokeAPI
2025-02-21 13:51:12,573 - INFO - Extração concluída! 100 Pokémon coletados
2025-02-21 13:51:12,574 - INFO - Coletando detalhes dos Pokémon
2025-02-21 13:51:27,841 - INFO - 100 Pokémon processados com sucesso.
2025-02-21 13:51:27,843 - INFO - Transformando os dados
2025-02-21 13:51:27,847 - INFO - Calculando medias por tipo de Pokémon
2025-02-21 13:51:27,853 - INFO - Medias calculadas com sucesso
2025-02-21 13:51:27,853 - INFO - Encontrando os 5 Pokemon com maior experiencia base
2025-02-21 13:51:27,854 - INFO - Top 5 Pokemon com maior experiencia base encontrados
2025-02-21 13:51:27,855 - INFO - Gerando gráfico de distribuição de Pokémon por tipo
2025-02-21 13:51:28,051 - INFO - Gráfico salvo como 'pokemon_por_tipo.png'
2025-02-21 13:51:28,280 - INFO - Dados salvos com sucesso em pokemon_dados_2025-02-21_13-51-28.csv
2025-02-21 13:51:28,281 - INFO - Dados salvos com sucesso em pokemon_tipos_2025-02-21_13-51-28.csv
2025-02-21 13:51:28,281 - INFO - Dados salvos com sucesso em medias_por_tipo_2025-02-21_13-51-28.csv
2025-02-21 13:51:28,282 - INFO - Dados salvos com sucesso em top_5_experiencia_2025-02-21_13-51-28.csv
2025-02-21 13:51:28,282 - INFO - Pipeline concluído com sucesso!
2025-02-21 14:20:32,869 - INFO - Iniciando pipeline de dados dos Pokémon
2025-02-21 14:20:32,869 - INFO - Iniciando extração de dados da PokeAPI
2025-02-21 14:20:33,097 - INFO - Extração concluída! 100 Pokémon coletados
2025-02-21 14:20:33,097 - INFO - Coletando detalhes dos Pokémon
2025-02-21 14:20:48,763 - INFO - 100 Pokémon processados com sucesso.
2025-02-21 14:20:48,765 - INFO - Transformando os dados
2025-02-21 14:20:48,773 - INFO - Calculando medias por tipo de Pokémon
2025-02-21 14:20:48,784 - INFO - Medias calculadas com sucesso
2025-02-21 14:20:48,784 - INFO - Encontrando os 5 Pokemon com maior experiencia base
2025-02-21 14:20:48,785 - INFO - Top 5 Pokemon com maior experiencia base encontrados
2025-02-21 14:20:48,785 - INFO - Gerando gráfico de distribuição de Pokémon por tipo
2025-02-21 14:20:48,911 - INFO - Gráfico salvo como 'pokemon_por_tipo.png'
2025-02-21 14:20:49,113 - INFO - Dados salvos com sucesso em dados_exportados/pokemon_dados_21-02-2025_14-20.csv
2025-02-21 14:20:49,115 - INFO - Dados salvos com sucesso em dados_exportados/pokemon_tipos_21-02-2025_14-20.csv
2025-02-21 14:20:49,116 - INFO - Dados salvos com sucesso em dados_exportados/medias_por_tipo_21-02-2025_14-20.csv
2025-02-21 14:20:49,117 - INFO - Dados salvos com sucesso em dados_exportados/top_5_experiencia_21-02-2025_14-20.csv
2025-02-21 14:20:49,117 - INFO - Pipeline concluído com sucesso!
2025-02-21 14:22:47,880 - INFO - Iniciando pipeline de dados dos Pokémon
2025-02-21 14:22:47,880 - INFO - Iniciando extração de dados da PokeAPI
2025-02-21 14:22:48,037 - INFO - Extração concluída! 100 Pokémon coletados
2025-02-21 14:22:48,038 - INFO - Coletando detalhes dos Pokémon
2025-02-21 14:23:03,794 - INFO - 100 Pokémon processados com sucesso.
2025-02-21 14:23:03,795 - INFO - Transformando os dados
2025-02-21 14:23:03,811 - INFO - Calculando medias por tipo de Pokémon
2025-02-21 14:23:03,828 - INFO - Medias calculadas com sucesso
2025-02-21 14:23:03,828 - INFO - Encontrando os 5 Pokemon com maior experiencia base
2025-02-21 14:23:03,831 - INFO - Top 5 Pokemon com maior experiencia base encontrados
2025-02-21 14:23:03,831 - INFO - Gerando gráfico de distribuição de Pokémon por tipo
2025-02-21 14:23:04,250 - INFO - Gráfico salvo como 'pokemon_por_tipo_grafico.png'
2025-02-21 14:23:04,448 - INFO - Dados salvos com sucesso em dados_exportados/pokemon_dados_21-02-2025_14-23.csv
2025-02-21 14:23:04,449 - INFO - Dados salvos com sucesso em dados_exportados/pokemon_tipos_21-02-2025_14-23.csv
2025-02-21 14:23:04,450 - INFO - Dados salvos com sucesso em dados_exportados/medias_por_tipo_21-02-2025_14-23.csv
2025-02-21 14:23:04,451 - INFO - Dados salvos com sucesso em dados_exportados/top_5_experiencia_21-02-2025_14-23.csv
2025-02-21 14:23:04,451 - INFO - Pipeline concluído com sucesso!
2025-02-21 14:36:59,631 - INFO - Iniciando pipeline de dados dos Pokémon
2025-02-21 14:36:59,632 - INFO - Iniciando extração de dados da PokeAPI
2025-02-21 14:36:59,639 - INFO - Extração concluída! 100 Pokémon coletados
2025-02-21 14:36:59,640 - INFO - Coletando detalhes dos Pokémon
2025-02-21 14:37:15,127 - INFO - 100 Pokémon processados com sucesso.
2025-02-21 14:37:15,129 - INFO - Transformando os dados
2025-02-21 14:37:15,175 - INFO - Calculando medias por tipo de Pokémon
2025-02-21 14:37:15,215 - INFO - Medias calculadas com sucesso
2025-02-21 14:37:15,216 - INFO - Encontrando os 5 Pokemon com maior experiencia base
2025-02-21 14:37:15,225 - INFO - Top 5 Pokemon com maior experiencia base encontrados
2025-02-21 14:37:15,226 - INFO - Gerando gráfico de distribuição de Pokémon por tipo
2025-02-21 14:37:15,694 - INFO - Gráfico salvo como 'pokemon_por_tipo_grafico.png'
2025-02-21 14:37:15,994 - CRITICAL - ERRO CRÍTICO: module 'src.logger' has no attribute 'error'
2025-02-21 14:37:15,994 - INFO - Encerrando o pipeline devido a erro crítico.
